[debug] [2019-08-24T00:21:22.904Z] ----------------------------------------------------------------------
[debug] [2019-08-24T00:21:22.906Z] Command:       /usr/local/bin/node /usr/local/bin/firebase deploy --only functions
[debug] [2019-08-24T00:21:22.906Z] CLI Version:   7.2.4
[debug] [2019-08-24T00:21:22.906Z] Platform:      darwin
[debug] [2019-08-24T00:21:22.906Z] Node Version:  v12.7.0
[debug] [2019-08-24T00:21:22.907Z] Time:          Sat Aug 24 2019 03:21:22 GMT+0300 (East Africa Time)
[debug] [2019-08-24T00:21:22.907Z] ----------------------------------------------------------------------
[debug] 
[debug] [2019-08-24T00:21:22.917Z] > command requires scopes: ["email","openid","https://www.googleapis.com/auth/cloudplatformprojects.readonly","https://www.googleapis.com/auth/firebase","https://www.googleapis.com/auth/cloud-platform"]
[debug] [2019-08-24T00:21:22.917Z] > authorizing via signed-in user
[debug] [2019-08-24T00:21:22.917Z] [iam] checking project trulyblog-app for permissions ["cloudfunctions.functions.create","cloudfunctions.functions.delete","cloudfunctions.functions.get","cloudfunctions.functions.list","cloudfunctions.functions.update","cloudfunctions.operations.get","firebase.projects.get"]
[debug] [2019-08-24T00:21:22.918Z] >>> HTTP REQUEST POST https://cloudresourcemanager.googleapis.com/v1/projects/trulyblog-app:testIamPermissions  

[debug] [2019-08-24T00:21:24.724Z] <<< HTTP RESPONSE 200
[info] 
[info] === Deploying to 'trulyblog-app'...
[info] 
[info] i  deploying functions
[info] Running command: npm --prefix "$RESOURCE_DIR" run lint
[info] Running command: npm --prefix "$RESOURCE_DIR" run build
[info] ✔  functions: Finished running predeploy script.
[debug] [2019-08-24T00:21:26.927Z] > [functions] package.json contents: {
  "name": "functions",
  "scripts": {
    "lint": "tslint --project tsconfig.json",
    "build": "",
    "serve": "npm run build && firebase serve --only functions",
    "shell": "npm run build && firebase functions:shell",
    "start": "npm run shell",
    "deploy": "firebase deploy --only functions",
    "logs": "firebase functions:log"
  },
  "engines": {
    "node": "8"
  },
  "main": "src/index.js",
  "dependencies": {
    "dotenv": "^8.1.0",
    "firebase-admin": "^8.0.0",
    "firebase-functions": "^3.1.0",
    "nodemailer": "^6.3.0"
  },
  "devDependencies": {
    "tslint": "^5.12.0",
    "typescript": "^3.2.2"
  },
  "private": true
}
[info] i  functions: ensuring necessary APIs are enabled...
[debug] [2019-08-24T00:21:26.928Z] >>> HTTP REQUEST GET https://serviceusage.googleapis.com/v1/projects/trulyblog-app/services/cloudfunctions.googleapis.com  
 
[debug] [2019-08-24T00:21:26.928Z] >>> HTTP REQUEST GET https://serviceusage.googleapis.com/v1/projects/trulyblog-app/services/runtimeconfig.googleapis.com  
 
[debug] [2019-08-24T00:21:28.897Z] <<< HTTP RESPONSE 200
[debug] [2019-08-24T00:21:28.933Z] <<< HTTP RESPONSE 200
[info] ✔  functions: all necessary APIs are enabled
[debug] [2019-08-24T00:21:28.934Z] >>> HTTP REQUEST GET https://firebase.googleapis.com/v1beta1/projects/trulyblog-app/adminSdkConfig  
 
[debug] [2019-08-24T00:21:29.823Z] <<< HTTP RESPONSE 200
[info] i  functions: preparing functions directory for uploading...
[debug] [2019-08-24T00:21:29.825Z] >>> HTTP REQUEST GET https://runtimeconfig.googleapis.com/v1beta1/projects/trulyblog-app/configs  
 
[debug] [2019-08-24T00:21:30.358Z] <<< HTTP RESPONSE 200
[info] i  functions: packaged functions (30.34 KB) for uploading
[debug] [2019-08-24T00:21:30.634Z] >>> HTTP REQUEST POST https://cloudfunctions.googleapis.com/v1/projects/trulyblog-app/locations/us-central1/functions:generateUploadUrl  
 
[debug] [2019-08-24T00:21:31.890Z] <<< HTTP RESPONSE 200
[debug] [2019-08-24T00:21:31.891Z] >>> HTTP REQUEST PUT https://storage.googleapis.com/gcf-upload-us-central1-6c89cedf-1769-4e98-99e1-0e0728c42bc3/6c45ad03-370d-4960-8ad4-83052f14aa41.zip?GoogleAccessId=service-85077372730@gcf-admin-robot.iam.gserviceaccount.com&Expires=1566607891&Signature=Y61%2Bm%2BkHOhbsXTREuhP6z%2Bnrn%2BFZ7HaFO%2BWWexEUxPLDRZmoVPHksDeRqQN6P34jwNaadM7zLAVDYo%2FyTwabyKRVCuEGagV8mKi%2FRsN2bjBDuiNPHQsuHviMz4abaVBX%2BwaBN7hOHBEYqQl5vhVlVghB%2FtOtOwmsZAw3ts4SnFvGahF1LdrlP5tJWpWqeAXVWmHFijgpdcSYpwQpQj3yHCDdrK4LhPe7Sy5VTrhu6WW1oNt4nz7ru7ibQCGPSnpwNTSfVrwz%2Bw%2Bd8icTSD7FIFOaEUtwWRfX7cnLOOGZYXHf8sH1qvwl593l7hQrtUwLAc%2B6Xf9sr4Z1xH1Na8EksA%3D%3D  
 <request body omitted>
[debug] [2019-08-24T00:21:33.221Z] <<< HTTP RESPONSE 200
[info] ✔  functions: functions folder uploaded successfully
[debug] [2019-08-24T00:21:33.222Z] >>> HTTP REQUEST GET https://cloudfunctions.googleapis.com/v1/projects/trulyblog-app/locations/-/functions  
 
[debug] [2019-08-24T00:21:33.752Z] <<< HTTP RESPONSE 200
[info] i  functions: updating Node.js 8 function sendEmailFunction(us-central1)...
[debug] [2019-08-24T00:21:33.757Z] Trigger is:  {"eventTrigger":{"resource":"projects/trulyblog-app/databases/(default)/documents/submissions/{docId}","eventType":"providers/cloud.firestore/eventTypes/document.create","service":"firestore.googleapis.com"}}
[debug] [2019-08-24T00:21:33.758Z] >>> HTTP REQUEST GET https://serviceusage.googleapis.com/v1/projects/trulyblog-app/services/cloudscheduler.googleapis.com  
 
