[debug] [2019-08-24T00:00:06.313Z] ----------------------------------------------------------------------
[debug] [2019-08-24T00:00:06.315Z] Command:       /usr/local/bin/node /usr/local/bin/firebase deploy --only functions
[debug] [2019-08-24T00:00:06.315Z] CLI Version:   7.2.4
[debug] [2019-08-24T00:00:06.315Z] Platform:      darwin
[debug] [2019-08-24T00:00:06.315Z] Node Version:  v12.7.0
[debug] [2019-08-24T00:00:06.315Z] Time:          Sat Aug 24 2019 03:00:06 GMT+0300 (East Africa Time)
[debug] [2019-08-24T00:00:06.315Z] ----------------------------------------------------------------------
[debug] 
[debug] [2019-08-24T00:00:06.324Z] > command requires scopes: ["email","openid","https://www.googleapis.com/auth/cloudplatformprojects.readonly","https://www.googleapis.com/auth/firebase","https://www.googleapis.com/auth/cloud-platform"]
[debug] [2019-08-24T00:00:06.325Z] > authorizing via signed-in user
[debug] [2019-08-24T00:00:06.325Z] [iam] checking project trulyblog-app for permissions ["cloudfunctions.functions.create","cloudfunctions.functions.delete","cloudfunctions.functions.get","cloudfunctions.functions.list","cloudfunctions.functions.update","cloudfunctions.operations.get","firebase.projects.get"]
[debug] [2019-08-24T00:00:06.326Z] >>> HTTP REQUEST POST https://cloudresourcemanager.googleapis.com/v1/projects/trulyblog-app:testIamPermissions  

[debug] [2019-08-24T00:00:07.682Z] <<< HTTP RESPONSE 200
[info] 
[info] === Deploying to 'trulyblog-app'...
[info] 
[info] i  deploying functions
[info] Running command: npm --prefix "$RESOURCE_DIR" run lint
[info] Running command: npm --prefix "$RESOURCE_DIR" run build
[info] ✔  functions: Finished running predeploy script.
[debug] [2019-08-24T00:00:12.285Z] > [functions] package.json contents: {
  "name": "functions",
  "scripts": {
    "lint": "tslint --project tsconfig.json",
    "build": "",
    "serve": "npm run build && firebase serve --only functions",
    "shell": "npm run build && firebase functions:shell",
    "start": "npm run shell",
    "deploy": "firebase deploy --only functions",
    "logs": "firebase functions:log"
  },
  "engines": {
    "node": "8"
  },
  "main": "src/index.js",
  "dependencies": {
    "firebase-admin": "^8.0.0",
    "firebase-functions": "^3.1.0",
    "nodemailer": "^6.3.0"
  },
  "devDependencies": {
    "tslint": "^5.12.0",
    "typescript": "^3.2.2"
  },
  "private": true
}
[info] i  functions: ensuring necessary APIs are enabled...
[debug] [2019-08-24T00:00:12.286Z] >>> HTTP REQUEST GET https://serviceusage.googleapis.com/v1/projects/trulyblog-app/services/cloudfunctions.googleapis.com  
 
[debug] [2019-08-24T00:00:12.287Z] >>> HTTP REQUEST GET https://serviceusage.googleapis.com/v1/projects/trulyblog-app/services/runtimeconfig.googleapis.com  
 
[debug] [2019-08-24T00:00:13.853Z] <<< HTTP RESPONSE 200
[debug] [2019-08-24T00:00:14.153Z] <<< HTTP RESPONSE 200
[info] ✔  functions: all necessary APIs are enabled
[debug] [2019-08-24T00:00:14.154Z] >>> HTTP REQUEST GET https://firebase.googleapis.com/v1beta1/projects/trulyblog-app/adminSdkConfig  
 
[debug] [2019-08-24T00:00:15.440Z] <<< HTTP RESPONSE 200
[info] i  functions: preparing functions directory for uploading...
[debug] [2019-08-24T00:00:15.442Z] >>> HTTP REQUEST GET https://runtimeconfig.googleapis.com/v1beta1/projects/trulyblog-app/configs  
 
[debug] [2019-08-24T00:00:17.101Z] <<< HTTP RESPONSE 200
[info] i  functions: packaged functions (30.09 KB) for uploading
[debug] [2019-08-24T00:00:17.399Z] >>> HTTP REQUEST POST https://cloudfunctions.googleapis.com/v1/projects/trulyblog-app/locations/us-central1/functions:generateUploadUrl  
 
[debug] [2019-08-24T00:00:19.065Z] <<< HTTP RESPONSE 200
[debug] [2019-08-24T00:00:19.066Z] >>> HTTP REQUEST PUT https://storage.googleapis.com/gcf-upload-us-central1-6c89cedf-1769-4e98-99e1-0e0728c42bc3/2ac38f32-be48-4406-9efa-5599141fbc87.zip?GoogleAccessId=service-85077372730@gcf-admin-robot.iam.gserviceaccount.com&Expires=1566606618&Signature=KAmV2eVTU2hc4D0%2FVSIyCZs4cZQVLzbaZlEioivIkH11o3g5fjEANlBmtZniG6KF4ErPquiglXUg%2FQb0FEpbRXGJWVcOqyQejLrHv4VOCHAlbVR25O7jQxRrzo0IxzMbrkZYEBYoTkAvnnNbCp0ocdLYbc77n8nvmQ4cGOdwlnfXYElAnegXk0OdMG%2F0zF7OYNC6pwSa0NovsEiQhR205MnBm8BT392yG1770FbyNttYdrP7OHv38TdnJDgGkGO9FJSfLGQw0H%2BXTPu7xWTqJzBGCmP5c%2FVL2HT7VyeNKy%2BjkmFnkLZ2fxwmtMEM1mq1lpWLgwdteokz8kjJf5rxNg%3D%3D  
 <request body omitted>
[debug] [2019-08-24T00:00:21.114Z] <<< HTTP RESPONSE 200
[info] ✔  functions: functions folder uploaded successfully
[debug] [2019-08-24T00:00:21.117Z] >>> HTTP REQUEST GET https://cloudfunctions.googleapis.com/v1/projects/trulyblog-app/locations/-/functions  
 
[debug] [2019-08-24T00:00:22.416Z] <<< HTTP RESPONSE 200
[info] i  functions: updating Node.js 8 function sendEmailFunction(us-central1)...
[debug] [2019-08-24T00:00:22.418Z] Trigger is:  {"eventTrigger":{"resource":"projects/trulyblog-app/databases/(default)/documents/submissions/{docId}","eventType":"providers/cloud.firestore/eventTypes/document.create","service":"firestore.googleapis.com"}}
[debug] [2019-08-24T00:00:22.418Z] >>> HTTP REQUEST GET https://serviceusage.googleapis.com/v1/projects/trulyblog-app/services/cloudscheduler.googleapis.com  
 
[debug] [2019-08-24T00:00:23.863Z] <<< HTTP RESPONSE 200
[debug] [2019-08-24T00:00:23.864Z] >>> HTTP REQUEST PATCH https://cloudfunctions.googleapis.com/v1/projects/trulyblog-app/locations/us-central1/functions/sendEmailFunction {"updateMask":"sourceUploadUrl,name,labels,runtime,eventTrigger.resource,eventTrigger.eventType,eventTrigger.service"} 

[debug] [2019-08-24T00:00:25.396Z] <<< HTTP RESPONSE 200
[debug] [2019-08-24T00:00:25.397Z] >>> HTTP REQUEST GET https://cloudfunctions.googleapis.com/v1/operations/dHJ1bHlibG9nLWFwcC91cy1jZW50cmFsMS9zZW5kRW1haWxGdW5jdGlvbi94MGRnU1hPakV1VQ  
 
